build/outputs/logs/manifest-merger-debug-report.txt
-- Merging decision tree log ---
manifest
ADDED from superwechat\superwechat\AndroidManifest.xml:2:1-313:12
	xmlns:android
		ADDED from superwechat\superwechat\AndroidManifest.xml:2:11-69
	package
		ADDED from superwechat\superwechat\AndroidManifest.xml:3:5-39
		INJECTED from superwechat\superwechat\AndroidManifest.xml
		INJECTED from superwechat\superwechat\AndroidManifest.xml
	android:versionName
		ADDED from superwechat\superwechat\AndroidManifest.xml:5:5-32
		INJECTED from superwechat\superwechat\AndroidManifest.xml
		INJECTED from superwechat\superwechat\AndroidManifest.xml
	android:versionCode
		ADDED from superwechat\superwechat\AndroidManifest.xml:4:5-29
		INJECTED from superwechat\superwechat\AndroidManifest.xml
		INJECTED from superwechat\superwechat\AndroidManifest.xml
uses-sdk
ADDED from superwechat\superwechat\AndroidManifest.xml:7:5-9:41
MERGED from [com.android.support:support-v4:23.2.0] AndroidManifest.xml:20:5-43
MERGED from [com.android.support:recyclerview-v7:23.2.0] AndroidManifest.xml:20:5-43
MERGED from [com.android.support:support-v4:23.2.0] AndroidManifest.xml:20:5-43
	android:targetSdkVersion
		ADDED from superwechat\superwechat\AndroidManifest.xml:9:9-38
	android:minSdkVersion
		ADDED from superwechat\superwechat\AndroidManifest.xml:8:9-34
uses-permission#android.permission.VIBRATE
ADDED from superwechat\superwechat\AndroidManifest.xml:11:5-66
	android:name
		ADDED from superwechat\superwechat\AndroidManifest.xml:11:22-63
uses-permission#android.permission.INTERNET
ADDED from superwechat\superwechat\AndroidManifest.xml:12:5-67
	android:name
		ADDED from superwechat\superwechat\AndroidManifest.xml:12:22-64
uses-permission#android.permission.RECORD_AUDIO
ADDED from superwechat\superwechat\AndroidManifest.xml:13:5-71
	android:name
		ADDED from superwechat\superwechat\AndroidManifest.xml:13:22-68
uses-permission#android.permission.CAMERA
ADDED from superwechat\superwechat\AndroidManifest.xml:14:5-65
	android:name
		ADDED from superwechat\superwechat\AndroidManifest.xml:14:22-62
uses-permission#android.permission.ACCESS_NETWORK_STATE
ADDED from superwechat\superwechat\AndroidManifest.xml:15:5-79
	android:name
		ADDED from superwechat\superwechat\AndroidManifest.xml:15:22-76
uses-permission#android.permission.WRITE_EXTERNAL_STORAGE
ADDED from superwechat\superwechat\AndroidManifest.xml:16:5-81
	android:name
		ADDED from superwechat\superwechat\AndroidManifest.xml:16:22-78
uses-permission#android.permission.MOUNT_UNMOUNT_FILESYSTEMS
ADDED from superwechat\superwechat\AndroidManifest.xml:17:5-84
	android:name
		ADDED from superwechat\superwechat\AndroidManifest.xml:17:22-81
uses-permission#android.permission.ACCESS_FINE_LOCATION
ADDED from superwechat\superwechat\AndroidManifest.xml:18:5-79
	android:name
		ADDED from superwechat\superwechat\AndroidManifest.xml:18:22-76
uses-permission#android.permission.GET_TASKS
ADDED from superwechat\superwechat\AndroidManifest.xml:19:5-68
	android:name
		ADDED from superwechat\superwechat\AndroidManifest.xml:19:22-65
uses-permission#android.permission.ACCESS_WIFI_STATE
ADDED from superwechat\superwechat\AndroidManifest.xml:20:5-76
	android:name
		ADDED from superwechat\superwechat\AndroidManifest.xml:20:22-73
uses-permission#android.permission.CHANGE_WIFI_STATE
ADDED from superwechat\superwechat\AndroidManifest.xml:21:5-76
	android:name
		ADDED from superwechat\superwechat\AndroidManifest.xml:21:22-73
uses-permission#android.permission.WAKE_LOCK
ADDED from superwechat\superwechat\AndroidManifest.xml:22:5-68
	android:name
		ADDED from superwechat\superwechat\AndroidManifest.xml:22:22-65
uses-permission#android.permission.MODIFY_AUDIO_SETTINGS
ADDED from superwechat\superwechat\AndroidManifest.xml:23:5-80
	android:name
		ADDED from superwechat\superwechat\AndroidManifest.xml:23:22-77
uses-permission#android.permission.READ_PHONE_STATE
ADDED from superwechat\superwechat\AndroidManifest.xml:24:5-75
	android:name
		ADDED from superwechat\superwechat\AndroidManifest.xml:24:22-72
uses-permission#android.permission.RECEIVE_BOOT_COMPLETED
ADDED from superwechat\superwechat\AndroidManifest.xml:25:5-81
	android:name
		ADDED from superwechat\superwechat\AndroidManifest.xml:25:22-78
uses-permission#android.permission.GET_ACCOUNTS
ADDED from superwechat\superwechat\AndroidManifest.xml:26:5-71
	android:name
		ADDED from superwechat\superwechat\AndroidManifest.xml:26:22-68
uses-permission#android.permission.USE_CREDENTIALS
ADDED from superwechat\superwechat\AndroidManifest.xml:27:5-74
	android:name
		ADDED from superwechat\superwechat\AndroidManifest.xml:27:22-71
uses-permission#android.permission.MANAGE_ACCOUNTS
ADDED from superwechat\superwechat\AndroidManifest.xml:28:5-74
	android:name
		ADDED from superwechat\superwechat\AndroidManifest.xml:28:22-71
uses-permission#android.permission.AUTHENTICATE_ACCOUNTS
ADDED from superwechat\superwechat\AndroidManifest.xml:29:5-80
	android:name
		ADDED from superwechat\superwechat\AndroidManifest.xml:29:22-77
uses-permission#com.android.launcher.permission.READ_SETTINGS
ADDED from superwechat\superwechat\AndroidManifest.xml:30:5-85
	android:name
		ADDED from superwechat\superwechat\AndroidManifest.xml:30:22-82
uses-permission#android.permission.BROADCAST_STICKY
ADDED from superwechat\superwechat\AndroidManifest.xml:31:5-75
	android:name
		ADDED from superwechat\superwechat\AndroidManifest.xml:31:22-72
uses-permission#android.permission.WRITE_SETTINGS
ADDED from superwechat\superwechat\AndroidManifest.xml:32:5-73
	android:name
		ADDED from superwechat\superwechat\AndroidManifest.xml:32:22-70
uses-permission#com.google.android.c2dm.permission.RECEIVE
ADDED from superwechat\superwechat\AndroidManifest.xml:33:5-82
	android:name
		ADDED from superwechat\superwechat\AndroidManifest.xml:33:22-79
permission#newer.project.fulicenter.permission.C2D_MESSAGE
ADDED from superwechat\superwechat\AndroidManifest.xml:35:5-37:47
	android:protectionLevel
		ADDED from superwechat\superwechat\AndroidManifest.xml:37:9-44
	android:name
		ADDED from superwechat\superwechat\AndroidManifest.xml:36:9-71
uses-permission#newer.project.superwechat.permission.C2D_MESSAGE
ADDED from superwechat\superwechat\AndroidManifest.xml:39:5-88
	android:name
		ADDED from superwechat\superwechat\AndroidManifest.xml:39:22-85
android:uses-permission#android.permission.READ_EXTERNAL_STORAGE
ADDED from superwechat\superwechat\AndroidManifest.xml:41:5-88
	android:name
		ADDED from superwechat\superwechat\AndroidManifest.xml:41:30-85
application
ADDED from superwechat\superwechat\AndroidManifest.xml:43:5-311:19
MERGED from [com.android.support:support-v4:23.2.0] AndroidManifest.xml:22:5-20
MERGED from [com.android.support:support-v4:23.2.0] AndroidManifest.xml:22:5-20
	android:label
		ADDED from superwechat\superwechat\AndroidManifest.xml:47:9-41
	android:allowBackup
		ADDED from superwechat\superwechat\AndroidManifest.xml:45:9-35
	android:icon
		ADDED from superwechat\superwechat\AndroidManifest.xml:46:9-45
	android:name
		ADDED from superwechat\superwechat\AndroidManifest.xml:44:9-46
activity#newer.project.fulicenter.activity.MainActivity
ADDED from superwechat\superwechat\AndroidManifest.xml:48:9-53:55
	android:windowSoftInputMode
		ADDED from superwechat\superwechat\AndroidManifest.xml:53:13-52
	android:screenOrientation
		ADDED from superwechat\superwechat\AndroidManifest.xml:51:13-49
	android:theme
		ADDED from superwechat\superwechat\AndroidManifest.xml:52:13-52
	android:name
		ADDED from superwechat\superwechat\AndroidManifest.xml:49:13-50
	android:launchMode
		ADDED from superwechat\superwechat\AndroidManifest.xml:50:13-44
activity#newer.project.fulicenter.activity.FuliActivity
ADDED from superwechat\superwechat\AndroidManifest.xml:54:9-59:55
	android:windowSoftInputMode
		ADDED from superwechat\superwechat\AndroidManifest.xml:59:13-52
	android:screenOrientation
		ADDED from superwechat\superwechat\AndroidManifest.xml:57:13-49
	android:theme
		ADDED from superwechat\superwechat\AndroidManifest.xml:58:13-52
	android:name
		ADDED from superwechat\superwechat\AndroidManifest.xml:55:13-50
	android:launchMode
		ADDED from superwechat\superwechat\AndroidManifest.xml:56:13-44
activity#newer.project.fulicenter.activity.SplashActivity
ADDED from superwechat\superwechat\AndroidManifest.xml:62:9-71:20
	android:screenOrientation
		ADDED from superwechat\superwechat\AndroidManifest.xml:64:13-49
	android:theme
		ADDED from superwechat\superwechat\AndroidManifest.xml:65:13-52
	android:name
		ADDED from superwechat\superwechat\AndroidManifest.xml:63:13-52
intent-filter#android.intent.action.MAIN+android.intent.category.LAUNCHER
ADDED from superwechat\superwechat\AndroidManifest.xml:66:13-70:29
action#android.intent.action.MAIN
ADDED from superwechat\superwechat\AndroidManifest.xml:67:17-69
	android:name
		ADDED from superwechat\superwechat\AndroidManifest.xml:67:25-66
category#android.intent.category.LAUNCHER
ADDED from superwechat\superwechat\AndroidManifest.xml:69:17-77
	android:name
		ADDED from superwechat\superwechat\AndroidManifest.xml:69:27-74
activity#newer.project.fulicenter.activity.LoginActivity
ADDED from superwechat\superwechat\AndroidManifest.xml:74:9-78:71
	android:windowSoftInputMode
		ADDED from superwechat\superwechat\AndroidManifest.xml:78:13-68
	android:screenOrientation
		ADDED from superwechat\superwechat\AndroidManifest.xml:76:13-49
	android:theme
		ADDED from superwechat\superwechat\AndroidManifest.xml:77:13-52
	android:name
		ADDED from superwechat\superwechat\AndroidManifest.xml:75:13-51
activity#newer.project.fulicenter.activity.RegisterActivity
ADDED from superwechat\superwechat\AndroidManifest.xml:81:9-85:71
	android:windowSoftInputMode
		ADDED from superwechat\superwechat\AndroidManifest.xml:85:13-68
	android:screenOrientation
		ADDED from superwechat\superwechat\AndroidManifest.xml:83:13-49
	android:theme
		ADDED from superwechat\superwechat\AndroidManifest.xml:84:13-52
	android:name
		ADDED from superwechat\superwechat\AndroidManifest.xml:82:13-54
activity#newer.project.fulicenter.activity.ChatActivity
ADDED from superwechat\superwechat\AndroidManifest.xml:87:9-92:58
	android:windowSoftInputMode
		ADDED from superwechat\superwechat\AndroidManifest.xml:92:13-55
	android:screenOrientation
		ADDED from superwechat\superwechat\AndroidManifest.xml:90:13-49
	android:theme
		ADDED from superwechat\superwechat\AndroidManifest.xml:91:13-52
	android:name
		ADDED from superwechat\superwechat\AndroidManifest.xml:88:13-50
	android:launchMode
		ADDED from superwechat\superwechat\AndroidManifest.xml:89:13-43
activity#newer.project.fulicenter.activity.AddContactActivity
ADDED from superwechat\superwechat\AndroidManifest.xml:94:9-98:58
	android:windowSoftInputMode
		ADDED from superwechat\superwechat\AndroidManifest.xml:98:13-55
	android:screenOrientation
		ADDED from superwechat\superwechat\AndroidManifest.xml:96:13-49
	android:theme
		ADDED from superwechat\superwechat\AndroidManifest.xml:97:13-52
	android:name
		ADDED from superwechat\superwechat\AndroidManifest.xml:95:13-56
activity#newer.project.fulicenter.activity.BaiduMapActivity
ADDED from superwechat\superwechat\AndroidManifest.xml:110:9-113:55
	android:screenOrientation
		ADDED from superwechat\superwechat\AndroidManifest.xml:112:13-49
	android:theme
		ADDED from superwechat\superwechat\AndroidManifest.xml:113:13-52
	android:name
		ADDED from superwechat\superwechat\AndroidManifest.xml:111:13-54
activity#newer.project.fulicenter.activity.NewFriendsMsgActivity
ADDED from superwechat\superwechat\AndroidManifest.xml:116:9-119:55
	android:screenOrientation
		ADDED from superwechat\superwechat\AndroidManifest.xml:118:13-49
	android:theme
		ADDED from superwechat\superwechat\AndroidManifest.xml:119:13-52
	android:name
		ADDED from superwechat\superwechat\AndroidManifest.xml:117:13-59
activity#newer.project.fulicenter.activity.ForwardMessageActivity
ADDED from superwechat\superwechat\AndroidManifest.xml:121:9-125:55
	android:windowSoftInputMode
		ADDED from superwechat\superwechat\AndroidManifest.xml:125:13-52
	android:screenOrientation
		ADDED from superwechat\superwechat\AndroidManifest.xml:123:13-49
	android:theme
		ADDED from superwechat\superwechat\AndroidManifest.xml:124:13-52
	android:name
		ADDED from superwechat\superwechat\AndroidManifest.xml:122:13-60
activity#newer.project.fulicenter.activity.ContextMenu
ADDED from superwechat\superwechat\AndroidManifest.xml:127:9-130:52
	android:screenOrientation
		ADDED from superwechat\superwechat\AndroidManifest.xml:129:13-49
	android:theme
		ADDED from superwechat\superwechat\AndroidManifest.xml:130:13-49
	android:name
		ADDED from superwechat\superwechat\AndroidManifest.xml:128:13-49
activity#newer.project.fulicenter.activity.AlertDialog
ADDED from superwechat\superwechat\AndroidManifest.xml:132:9-135:52
	android:screenOrientation
		ADDED from superwechat\superwechat\AndroidManifest.xml:134:13-49
	android:theme
		ADDED from superwechat\superwechat\AndroidManifest.xml:135:13-49
	android:name
		ADDED from superwechat\superwechat\AndroidManifest.xml:133:13-49
activity#newer.project.fulicenter.activity.ShowBigImage
ADDED from superwechat\superwechat\AndroidManifest.xml:137:9-140:55
	android:screenOrientation
		ADDED from superwechat\superwechat\AndroidManifest.xml:139:13-49
	android:theme
		ADDED from superwechat\superwechat\AndroidManifest.xml:140:13-52
	android:name
		ADDED from superwechat\superwechat\AndroidManifest.xml:138:13-50
activity#newer.project.fulicenter.activity.ShowNormalFileActivity
ADDED from superwechat\superwechat\AndroidManifest.xml:142:9-145:55
	android:screenOrientation
		ADDED from superwechat\superwechat\AndroidManifest.xml:144:13-49
	android:theme
		ADDED from superwechat\superwechat\AndroidManifest.xml:145:13-52
	android:name
		ADDED from superwechat\superwechat\AndroidManifest.xml:143:13-60
activity#newer.project.fulicenter.activity.BlacklistActivity
ADDED from superwechat\superwechat\AndroidManifest.xml:147:9-150:55
	android:screenOrientation
		ADDED from superwechat\superwechat\AndroidManifest.xml:149:13-49
	android:theme
		ADDED from superwechat\superwechat\AndroidManifest.xml:150:13-52
	android:name
		ADDED from superwechat\superwechat\AndroidManifest.xml:148:13-55
activity#newer.project.fulicenter.activity.VoiceCallActivity
ADDED from superwechat\superwechat\AndroidManifest.xml:156:9-160:51
	android:screenOrientation
		ADDED from superwechat\superwechat\AndroidManifest.xml:159:13-49
	android:theme
		ADDED from superwechat\superwechat\AndroidManifest.xml:160:13-48
	android:name
		ADDED from superwechat\superwechat\AndroidManifest.xml:157:13-55
	android:launchMode
		ADDED from superwechat\superwechat\AndroidManifest.xml:158:13-44
activity#newer.project.fulicenter.activity.VideoCallActivity
ADDED from superwechat\superwechat\AndroidManifest.xml:162:9-167:55
	android:screenOrientation
		ADDED from superwechat\superwechat\AndroidManifest.xml:166:13-49
	android:configChanges
		ADDED from superwechat\superwechat\AndroidManifest.xml:164:13-74
	android:theme
		ADDED from superwechat\superwechat\AndroidManifest.xml:167:13-52
	android:name
		ADDED from superwechat\superwechat\AndroidManifest.xml:163:13-55
	android:launchMode
		ADDED from superwechat\superwechat\AndroidManifest.xml:165:13-44
activity#newer.project.fulicenter.activity.EditActivity
ADDED from superwechat\superwechat\AndroidManifest.xml:170:9-174:58
	android:windowSoftInputMode
		ADDED from superwechat\superwechat\AndroidManifest.xml:174:13-55
	android:screenOrientation
		ADDED from superwechat\superwechat\AndroidManifest.xml:172:13-49
	android:theme
		ADDED from superwechat\superwechat\AndroidManifest.xml:173:13-52
	android:name
		ADDED from superwechat\superwechat\AndroidManifest.xml:171:13-50
activity#newer.project.fulicenter.activity.ShowVideoActivity
ADDED from superwechat\superwechat\AndroidManifest.xml:175:9-179:63
	android:windowSoftInputMode
		ADDED from superwechat\superwechat\AndroidManifest.xml:179:13-60
	android:screenOrientation
		ADDED from superwechat\superwechat\AndroidManifest.xml:177:13-49
	android:theme
		ADDED from superwechat\superwechat\AndroidManifest.xml:178:13-52
	android:name
		ADDED from superwechat\superwechat\AndroidManifest.xml:176:13-55
activity#newer.project.fulicenter.activity.ImageGridActivity
ADDED from superwechat\superwechat\AndroidManifest.xml:181:9-185:63
	android:windowSoftInputMode
		ADDED from superwechat\superwechat\AndroidManifest.xml:185:13-60
	android:screenOrientation
		ADDED from superwechat\superwechat\AndroidManifest.xml:183:13-49
	android:theme
		ADDED from superwechat\superwechat\AndroidManifest.xml:184:13-52
	android:name
		ADDED from superwechat\superwechat\AndroidManifest.xml:182:13-55
activity#newer.project.fulicenter.activity.RecorderVideoActivity
ADDED from superwechat\superwechat\AndroidManifest.xml:186:9-190:63
	android:windowSoftInputMode
		ADDED from superwechat\superwechat\AndroidManifest.xml:190:13-60
	android:screenOrientation
		ADDED from superwechat\superwechat\AndroidManifest.xml:188:13-49
	android:theme
		ADDED from superwechat\superwechat\AndroidManifest.xml:189:13-52
	android:name
		ADDED from superwechat\superwechat\AndroidManifest.xml:187:13-59
activity#newer.project.fulicenter.activity.DiagnoseActivity
ADDED from superwechat\superwechat\AndroidManifest.xml:192:9-196:63
	android:windowSoftInputMode
		ADDED from superwechat\superwechat\AndroidManifest.xml:196:13-60
	android:screenOrientation
		ADDED from superwechat\superwechat\AndroidManifest.xml:194:13-49
	android:theme
		ADDED from superwechat\superwechat\AndroidManifest.xml:195:13-52
	android:name
		ADDED from superwechat\superwechat\AndroidManifest.xml:193:13-54
activity#newer.project.fulicenter.activity.OfflinePushNickActivity
ADDED from superwechat\superwechat\AndroidManifest.xml:199:9-203:63
	android:windowSoftInputMode
		ADDED from superwechat\superwechat\AndroidManifest.xml:203:13-60
	android:screenOrientation
		ADDED from superwechat\superwechat\AndroidManifest.xml:201:13-49
	android:theme
		ADDED from superwechat\superwechat\AndroidManifest.xml:202:13-52
	android:name
		ADDED from superwechat\superwechat\AndroidManifest.xml:200:13-61
activity#newer.project.fulicenter.activity.RobotsActivity
ADDED from superwechat\superwechat\AndroidManifest.xml:205:9-209:63
	android:windowSoftInputMode
		ADDED from superwechat\superwechat\AndroidManifest.xml:209:13-60
	android:screenOrientation
		ADDED from superwechat\superwechat\AndroidManifest.xml:207:13-49
	android:theme
		ADDED from superwechat\superwechat\AndroidManifest.xml:208:13-52
	android:name
		ADDED from superwechat\superwechat\AndroidManifest.xml:206:13-52
activity#newer.project.fulicenter.activity.UserProfileActivity
ADDED from superwechat\superwechat\AndroidManifest.xml:211:9-214:55
	android:screenOrientation
		ADDED from superwechat\superwechat\AndroidManifest.xml:213:13-49
	android:theme
		ADDED from superwechat\superwechat\AndroidManifest.xml:214:13-52
	android:name
		ADDED from superwechat\superwechat\AndroidManifest.xml:212:13-57
receiver#com.easemob.chat.StartServiceReceiver
ADDED from superwechat\superwechat\AndroidManifest.xml:217:9-224:20
	android:name
		ADDED from superwechat\superwechat\AndroidManifest.xml:217:19-71
intent-filter#android.intent.action.BOOT_COMPLETED+android.intent.action.QUICKBOOT_POWERON+android.intent.category.LAUNCHER
ADDED from superwechat\superwechat\AndroidManifest.xml:218:13-223:29
	android:priority
		ADDED from superwechat\superwechat\AndroidManifest.xml:218:28-51
action#android.intent.action.BOOT_COMPLETED
ADDED from superwechat\superwechat\AndroidManifest.xml:219:17-79
	android:name
		ADDED from superwechat\superwechat\AndroidManifest.xml:219:25-76
action#android.intent.action.QUICKBOOT_POWERON
ADDED from superwechat\superwechat\AndroidManifest.xml:220:17-82
	android:name
		ADDED from superwechat\superwechat\AndroidManifest.xml:220:25-79
receiver#com.easemob.chat.EMGCMBroadcastReceiver
ADDED from superwechat\superwechat\AndroidManifest.xml:227:9-236:20
	android:exported
		ADDED from superwechat\superwechat\AndroidManifest.xml:229:13-36
	android:permission
		ADDED from superwechat\superwechat\AndroidManifest.xml:230:13-73
	android:name
		ADDED from superwechat\superwechat\AndroidManifest.xml:228:13-67
intent-filter#com.easemob.chatuidemo+com.google.android.c2dm.intent.RECEIVE
ADDED from superwechat\superwechat\AndroidManifest.xml:231:13-235:29
action#com.google.android.c2dm.intent.RECEIVE
ADDED from superwechat\superwechat\AndroidManifest.xml:232:17-81
	android:name
		ADDED from superwechat\superwechat\AndroidManifest.xml:232:25-78
category#com.easemob.chatuidemo
ADDED from superwechat\superwechat\AndroidManifest.xml:234:17-67
	android:name
		ADDED from superwechat\superwechat\AndroidManifest.xml:234:27-64
service#com.easemob.chat.EMGCMListenerService
ADDED from superwechat\superwechat\AndroidManifest.xml:238:9-240:40
	android:exported
		ADDED from superwechat\superwechat\AndroidManifest.xml:240:13-37
	android:name
		ADDED from superwechat\superwechat\AndroidManifest.xml:239:13-65
receiver#newer.project.fulicenter.receiver.GCMPushBroadCast
ADDED from superwechat\superwechat\AndroidManifest.xml:242:9-250:20
	android:exported
		ADDED from superwechat\superwechat\AndroidManifest.xml:244:13-37
	android:name
		ADDED from superwechat\superwechat\AndroidManifest.xml:243:13-54
intent-filter#com.easemob.chatuidemo+com.easemob.sdk.push
ADDED from superwechat\superwechat\AndroidManifest.xml:245:13-249:29
action#com.easemob.sdk.push
ADDED from superwechat\superwechat\AndroidManifest.xml:246:17-63
	android:name
		ADDED from superwechat\superwechat\AndroidManifest.xml:246:25-60
meta-data#EASEMOB_APPKEY
ADDED from superwechat\superwechat\AndroidManifest.xml:255:9-257:55
	android:name
		ADDED from superwechat\superwechat\AndroidManifest.xml:256:13-42
	android:value
		ADDED from superwechat\superwechat\AndroidManifest.xml:257:13-52
service#com.easemob.chat.EMChatService
ADDED from superwechat\superwechat\AndroidManifest.xml:259:9-66
	android:name
		ADDED from superwechat\superwechat\AndroidManifest.xml:259:18-63
receiver#com.easemob.chat.EMMonitorReceiver
ADDED from superwechat\superwechat\AndroidManifest.xml:261:9-271:20
	android:name
		ADDED from superwechat\superwechat\AndroidManifest.xml:261:19-68
intent-filter#android.intent.action.PACKAGE_REMOVED
ADDED from superwechat\superwechat\AndroidManifest.xml:262:13-266:29
action#android.intent.action.PACKAGE_REMOVED
ADDED from superwechat\superwechat\AndroidManifest.xml:263:17-80
	android:name
		ADDED from superwechat\superwechat\AndroidManifest.xml:263:25-77
data
ADDED from superwechat\superwechat\AndroidManifest.xml:265:17-50
	android:scheme
		ADDED from superwechat\superwechat\AndroidManifest.xml:265:23-47
intent-filter#android.intent.action.BOOT_COMPLETED+android.intent.action.USER_PRESENT
ADDED from superwechat\superwechat\AndroidManifest.xml:267:13-270:29
action#android.intent.action.USER_PRESENT
ADDED from superwechat\superwechat\AndroidManifest.xml:269:17-77
	android:name
		ADDED from superwechat\superwechat\AndroidManifest.xml:269:25-74
service#com.baidu.location.f
ADDED from superwechat\superwechat\AndroidManifest.xml:274:9-277:41
	android:process
		ADDED from superwechat\superwechat\AndroidManifest.xml:277:13-38
	android:enabled
		ADDED from superwechat\superwechat\AndroidManifest.xml:276:13-35
	android:name
		ADDED from superwechat\superwechat\AndroidManifest.xml:275:13-48
meta-data#UMENG_APPKEY
ADDED from superwechat\superwechat\AndroidManifest.xml:279:9-281:56
	android:name
		ADDED from superwechat\superwechat\AndroidManifest.xml:280:13-40
	android:value
		ADDED from superwechat\superwechat\AndroidManifest.xml:281:13-53
meta-data#com.baidu.lbsapi.API_KEY
ADDED from superwechat\superwechat\AndroidManifest.xml:282:9-284:64
	android:name
		ADDED from superwechat\superwechat\AndroidManifest.xml:283:13-52
	android:value
		ADDED from superwechat\superwechat\AndroidManifest.xml:284:13-61
activity#newer.project.fulicenter.activity.NewGoodDetailActivity
ADDED from superwechat\superwechat\AndroidManifest.xml:286:9-290:71
	android:windowSoftInputMode
		ADDED from superwechat\superwechat\AndroidManifest.xml:290:13-68
	android:screenOrientation
		ADDED from superwechat\superwechat\AndroidManifest.xml:288:13-49
	android:theme
		ADDED from superwechat\superwechat\AndroidManifest.xml:289:13-52
	android:name
		ADDED from superwechat\superwechat\AndroidManifest.xml:287:13-59
activity#newer.project.fulicenter.activity.BoutiqueDetailActivity
ADDED from superwechat\superwechat\AndroidManifest.xml:291:9-295:71
	android:windowSoftInputMode
		ADDED from superwechat\superwechat\AndroidManifest.xml:295:13-68
	android:screenOrientation
		ADDED from superwechat\superwechat\AndroidManifest.xml:293:13-49
	android:theme
		ADDED from superwechat\superwechat\AndroidManifest.xml:294:13-52
	android:name
		ADDED from superwechat\superwechat\AndroidManifest.xml:292:13-60
activity#newer.project.fulicenter.activity.CategoryDetailActivity
ADDED from superwechat\superwechat\AndroidManifest.xml:296:9-300:71
	android:windowSoftInputMode
		ADDED from superwechat\superwechat\AndroidManifest.xml:300:13-68
	android:screenOrientation
		ADDED from superwechat\superwechat\AndroidManifest.xml:298:13-49
	android:theme
		ADDED from superwechat\superwechat\AndroidManifest.xml:299:13-52
	android:name
		ADDED from superwechat\superwechat\AndroidManifest.xml:297:13-60
activity#newer.project.fulicenter.activity.SettingsActivity
ADDED from superwechat\superwechat\AndroidManifest.xml:301:9-305:71
	android:windowSoftInputMode
		ADDED from superwechat\superwechat\AndroidManifest.xml:305:13-68
	android:screenOrientation
		ADDED from superwechat\superwechat\AndroidManifest.xml:303:13-49
	android:theme
		ADDED from superwechat\superwechat\AndroidManifest.xml:304:13-52
	android:name
		ADDED from superwechat\superwechat\AndroidManifest.xml:302:13-54
activity#newer.project.fulicenter.activity.CollectActivity
ADDED from superwechat\superwechat\AndroidManifest.xml:306:9-310:71
	android:windowSoftInputMode
		ADDED from superwechat\superwechat\AndroidManifest.xml:310:13-68
	android:screenOrientation
		ADDED from superwechat\superwechat\AndroidManifest.xml:308:13-49
	android:theme
		ADDED from superwechat\superwechat\AndroidManifest.xml:309:13-52
	android:name
		ADDED from superwechat\superwechat\AndroidManifest.xml:307:13-53